<?xml version="1.0" encoding="UTF-8"?><testsuite errors="0" failures="0" name="com.petstore.crudtest.UserCURDTest" skipped="0" tests="3" time="3.04" timestamp="2023-01-03T21:27:46.792Z[Europe/London]"><testcase classname="com.petstore.crudtest.UserCURDTest" name="This will create new user"/><testcase classname="com.petstore.crudtest.UserCURDTest" name="This test will Update the user information"/><testcase classname="com.petstore.crudtest.UserCURDTest" name="Delete the pet and verify if the user is deleted!"/></testsuite>