<?xml version="1.0" encoding="UTF-8"?><testsuite errors="0" failures="0" name="com.petstore.crudtest.PetCRUDTest" skipped="0" tests="3" time="15.9" timestamp="2023-01-03T21:27:27.814Z[Europe/London]"><testcase classname="com.petstore.crudtest.PetCRUDTest" name="This will create new user"/><testcase classname="com.petstore.crudtest.PetCRUDTest" name="This test will Update the user information"/><testcase classname="com.petstore.crudtest.PetCRUDTest" name="Delete the pet and verify if the user is deleted!"/></testsuite>